  main.cpp
C:\Users\purol\source\repos\flocking\flocking\main.cpp(223,54): warning C4244: '=': 'Uint64' から 'int' への変換です。データが失われる可能性があります。
C:\Users\purol\source\repos\flocking\flocking\main.cpp(246,55): warning C4244: '=': 'int' から 'float' への変換です。データが失われる可能性があります。
C:\Users\purol\source\repos\flocking\flocking\main.cpp(247,55): warning C4244: '=': 'int' から 'float' への変換です。データが失われる可能性があります。
C:\Users\purol\source\repos\flocking\flocking\main.cpp(248,59): warning C4244: '=': 'int' から 'float' への変換です。データが失われる可能性があります。
C:\Users\purol\source\repos\flocking\flocking\main.cpp(249,62): warning C4244: '=': 'int' から 'float' への変換です。データが失われる可能性があります。
C:\Users\purol\source\repos\flocking\flocking\main.cpp(251,61): warning C4244: '=': 'int' から 'float' への変換です。データが失われる可能性があります。
C:\Users\purol\source\repos\flocking\flocking\main.cpp(324,144): warning C4305: '引数': 'double' から 'float' へ切り詰めます。
C:\Users\purol\source\repos\flocking\flocking\main.cpp(324,92): warning C4244: '引数': 'double' から 'float' への変換です。データが失われる可能性があります。
C:\Users\purol\source\repos\flocking\flocking\main.cpp(324,78): warning C4244: '引数': 'double' から 'float' への変換です。データが失われる可能性があります。
C:\Users\purol\source\repos\flocking\flocking\main.cpp(325,157): warning C4305: '引数': 'double' から 'float' へ切り詰めます。
C:\Users\purol\source\repos\flocking\flocking\main.cpp(325,103): warning C4244: '引数': 'double' から 'float' への変換です。データが失われる可能性があります。
C:\Users\purol\source\repos\flocking\flocking\main.cpp(325,87): warning C4244: '引数': 'double' から 'float' への変換です。データが失われる可能性があります。
C:\Users\purol\source\repos\flocking\flocking\main.cpp(326,157): warning C4305: '引数': 'double' から 'float' へ切り詰めます。
C:\Users\purol\source\repos\flocking\flocking\main.cpp(326,103): warning C4244: '引数': 'double' から 'float' への変換です。データが失われる可能性があります。
C:\Users\purol\source\repos\flocking\flocking\main.cpp(326,87): warning C4244: '引数': 'double' から 'float' への変換です。データが失われる可能性があります。
C:\Users\purol\source\repos\flocking\flocking\main.cpp(327,157): warning C4305: '引数': 'double' から 'float' へ切り詰めます。
C:\Users\purol\source\repos\flocking\flocking\main.cpp(327,103): warning C4244: '引数': 'double' から 'float' への変換です。データが失われる可能性があります。
C:\Users\purol\source\repos\flocking\flocking\main.cpp(327,87): warning C4244: '引数': 'double' から 'float' への変換です。データが失われる可能性があります。
C:\Users\purol\source\repos\flocking\flocking\main.cpp(328,157): warning C4305: '引数': 'double' から 'float' へ切り詰めます。
C:\Users\purol\source\repos\flocking\flocking\main.cpp(328,103): warning C4244: '引数': 'double' から 'float' への変換です。データが失われる可能性があります。
C:\Users\purol\source\repos\flocking\flocking\main.cpp(328,87): warning C4244: '引数': 'double' から 'float' への変換です。データが失われる可能性があります。
C:\Users\purol\source\repos\flocking\flocking\main.cpp(329,157): warning C4305: '引数': 'double' から 'float' へ切り詰めます。
C:\Users\purol\source\repos\flocking\flocking\main.cpp(329,103): warning C4244: '引数': 'double' から 'float' への変換です。データが失われる可能性があります。
C:\Users\purol\source\repos\flocking\flocking\main.cpp(329,87): warning C4244: '引数': 'double' から 'float' への変換です。データが失われる可能性があります。
C:\Users\purol\source\repos\flocking\flocking\main.cpp(330,157): warning C4305: '引数': 'double' から 'float' へ切り詰めます。
C:\Users\purol\source\repos\flocking\flocking\main.cpp(330,103): warning C4244: '引数': 'double' から 'float' への変換です。データが失われる可能性があります。
C:\Users\purol\source\repos\flocking\flocking\main.cpp(330,87): warning C4244: '引数': 'double' から 'float' への変換です。データが失われる可能性があります。
C:\Users\purol\source\repos\flocking\flocking\main.cpp(345,56): warning C4244: '=': 'Uint64' から 'int' への変換です。データが失われる可能性があります。
C:\Users\purol\source\repos\flocking\flocking\main.cpp(369,27): warning C4244: '=': 'double' から 'float' への変換です。データが失われる可能性があります。
C:\Users\purol\source\repos\flocking\flocking\main.cpp(370,27): warning C4244: '=': 'double' から 'float' への変換です。データが失われる可能性があります。
C:\Users\purol\source\repos\flocking\flocking\main.cpp(371,35): warning C4244: '=': 'double' から 'float' への変換です。データが失われる可能性があります。
C:\Users\purol\source\repos\flocking\flocking\main.cpp(388,32): warning C4244: '=': 'double' から 'float' への変換です。データが失われる可能性があります。
C:\Users\purol\source\repos\flocking\flocking\main.cpp(421,32): warning C4244: '=': 'double' から 'float' への変換です。データが失われる可能性があります。
C:\Users\purol\source\repos\flocking\flocking\main.cpp(437,59): warning C4244: '=': 'double' から 'float' への変換です。データが失われる可能性があります。
C:\Users\purol\source\repos\flocking\flocking\main.cpp(438,52): warning C4244: '=': 'double' から 'float' への変換です。データが失われる可能性があります。
C:\Users\purol\source\repos\flocking\flocking\main.cpp(441,48): warning C4244: '=': 'double' から 'float' への変換です。データが失われる可能性があります。
C:\Users\purol\source\repos\flocking\flocking\main.cpp(442,53): warning C4244: '=': 'double' から 'float' への変換です。データが失われる可能性があります。
C:\Users\purol\source\repos\flocking\flocking\main.cpp(451,97): warning C4244: '=': 'double' から 'float' への変換です。データが失われる可能性があります。
C:\Users\purol\source\repos\flocking\flocking\main.cpp(452,104): warning C4244: '=': 'double' から 'float' への変換です。データが失われる可能性があります。
C:\Users\purol\source\repos\flocking\flocking\main.cpp(453,103): warning C4244: '=': 'double' から 'float' への変換です。データが失われる可能性があります。
C:\Users\purol\source\repos\flocking\flocking\main.cpp(454,105): warning C4244: '=': 'double' から 'float' への変換です。データが失われる可能性があります。
C:\Users\purol\source\repos\flocking\flocking\main.cpp(470,32): warning C4244: '=': 'double' から 'float' への変換です。データが失われる可能性があります。
C:\Users\purol\source\repos\flocking\flocking\main.cpp(483,67): warning C4244: '=': 'double' から 'float' への変換です。データが失われる可能性があります。
C:\Users\purol\source\repos\flocking\flocking\main.cpp(484,60): warning C4244: '=': 'double' から 'float' への変換です。データが失われる可能性があります。
C:\Users\purol\source\repos\flocking\flocking\main.cpp(487,56): warning C4244: '=': 'double' から 'float' への変換です。データが失われる可能性があります。
C:\Users\purol\source\repos\flocking\flocking\main.cpp(488,61): warning C4244: '=': 'double' から 'float' への変換です。データが失われる可能性があります。
C:\Users\purol\source\repos\flocking\flocking\main.cpp(497,105): warning C4244: '=': 'double' から 'float' への変換です。データが失われる可能性があります。
C:\Users\purol\source\repos\flocking\flocking\main.cpp(498,112): warning C4244: '=': 'double' から 'float' への変換です。データが失われる可能性があります。
C:\Users\purol\source\repos\flocking\flocking\main.cpp(499,111): warning C4244: '=': 'double' から 'float' への変換です。データが失われる可能性があります。
C:\Users\purol\source\repos\flocking\flocking\main.cpp(500,113): warning C4244: '=': 'double' から 'float' への変換です。データが失われる可能性があります。
C:\Users\purol\source\repos\flocking\flocking\main.cpp(534,32): warning C4244: '=': 'double' から 'float' への変換です。データが失われる可能性があります。
C:\Users\purol\source\repos\flocking\flocking\main.cpp(545,67): warning C4244: '=': 'double' から 'float' への変換です。データが失われる可能性があります。
C:\Users\purol\source\repos\flocking\flocking\main.cpp(546,60): warning C4244: '=': 'double' から 'float' への変換です。データが失われる可能性があります。
C:\Users\purol\source\repos\flocking\flocking\main.cpp(549,56): warning C4244: '=': 'double' から 'float' への変換です。データが失われる可能性があります。
C:\Users\purol\source\repos\flocking\flocking\main.cpp(550,61): warning C4244: '=': 'double' から 'float' への変換です。データが失われる可能性があります。
C:\Users\purol\source\repos\flocking\flocking\main.cpp(559,105): warning C4244: '=': 'double' から 'float' への変換です。データが失われる可能性があります。
C:\Users\purol\source\repos\flocking\flocking\main.cpp(560,112): warning C4244: '=': 'double' から 'float' への変換です。データが失われる可能性があります。
C:\Users\purol\source\repos\flocking\flocking\main.cpp(561,111): warning C4244: '=': 'double' から 'float' への変換です。データが失われる可能性があります。
C:\Users\purol\source\repos\flocking\flocking\main.cpp(562,113): warning C4244: '=': 'double' から 'float' への変換です。データが失われる可能性があります。
C:\Users\purol\source\repos\flocking\flocking\main.cpp(566,32): warning C4244: '=': 'double' から 'float' への変換です。データが失われる可能性があります。
C:\Users\purol\source\repos\flocking\flocking\main.cpp(577,67): warning C4244: '=': 'double' から 'float' への変換です。データが失われる可能性があります。
C:\Users\purol\source\repos\flocking\flocking\main.cpp(578,60): warning C4244: '=': 'double' から 'float' への変換です。データが失われる可能性があります。
C:\Users\purol\source\repos\flocking\flocking\main.cpp(581,56): warning C4244: '=': 'double' から 'float' への変換です。データが失われる可能性があります。
C:\Users\purol\source\repos\flocking\flocking\main.cpp(582,61): warning C4244: '=': 'double' から 'float' への変換です。データが失われる可能性があります。
C:\Users\purol\source\repos\flocking\flocking\main.cpp(591,105): warning C4244: '=': 'double' から 'float' への変換です。データが失われる可能性があります。
C:\Users\purol\source\repos\flocking\flocking\main.cpp(592,112): warning C4244: '=': 'double' から 'float' への変換です。データが失われる可能性があります。
C:\Users\purol\source\repos\flocking\flocking\main.cpp(593,111): warning C4244: '=': 'double' から 'float' への変換です。データが失われる可能性があります。
C:\Users\purol\source\repos\flocking\flocking\main.cpp(594,113): warning C4244: '=': 'double' から 'float' への変換です。データが失われる可能性があります。
C:\Users\purol\source\repos\flocking\flocking\main.cpp(617,105): warning C4244: '=': 'double' から 'float' への変換です。データが失われる可能性があります。
C:\Users\purol\source\repos\flocking\flocking\main.cpp(618,112): warning C4244: '=': 'double' から 'float' への変換です。データが失われる可能性があります。
C:\Users\purol\source\repos\flocking\flocking\main.cpp(619,111): warning C4244: '=': 'double' から 'float' への変換です。データが失われる可能性があります。
C:\Users\purol\source\repos\flocking\flocking\main.cpp(620,112): warning C4244: '=': 'double' から 'float' への変換です。データが失われる可能性があります。
C:\Users\purol\source\repos\flocking\flocking\main.cpp(629,101): warning C4244: '=': 'double' から 'float' への変換です。データが失われる可能性があります。
C:\Users\purol\source\repos\flocking\flocking\main.cpp(630,108): warning C4244: '=': 'double' から 'float' への変換です。データが失われる可能性があります。
C:\Users\purol\source\repos\flocking\flocking\main.cpp(631,107): warning C4244: '=': 'double' から 'float' への変換です。データが失われる可能性があります。
C:\Users\purol\source\repos\flocking\flocking\main.cpp(632,109): warning C4244: '=': 'double' から 'float' への変換です。データが失われる可能性があります。
C:\Users\purol\source\repos\flocking\flocking\main.cpp(641,101): warning C4244: '=': 'double' から 'float' への変換です。データが失われる可能性があります。
C:\Users\purol\source\repos\flocking\flocking\main.cpp(642,108): warning C4244: '=': 'double' から 'float' への変換です。データが失われる可能性があります。
C:\Users\purol\source\repos\flocking\flocking\main.cpp(643,107): warning C4244: '=': 'double' から 'float' への変換です。データが失われる可能性があります。
C:\Users\purol\source\repos\flocking\flocking\main.cpp(644,109): warning C4244: '=': 'double' から 'float' への変換です。データが失われる可能性があります。
C:\Users\purol\source\repos\flocking\flocking\main.cpp(653,101): warning C4244: '=': 'double' から 'float' への変換です。データが失われる可能性があります。
C:\Users\purol\source\repos\flocking\flocking\main.cpp(654,108): warning C4244: '=': 'double' から 'float' への変換です。データが失われる可能性があります。
C:\Users\purol\source\repos\flocking\flocking\main.cpp(655,107): warning C4244: '=': 'double' から 'float' への変換です。データが失われる可能性があります。
C:\Users\purol\source\repos\flocking\flocking\main.cpp(656,109): warning C4244: '=': 'double' から 'float' への変換です。データが失われる可能性があります。
C:\Users\purol\source\repos\flocking\flocking\main.cpp(671,32): warning C4244: '=': 'double' から 'float' への変換です。データが失われる可能性があります。
C:\Users\purol\source\repos\flocking\flocking\main.cpp(682,67): warning C4244: '=': 'double' から 'float' への変換です。データが失われる可能性があります。
C:\Users\purol\source\repos\flocking\flocking\main.cpp(683,60): warning C4244: '=': 'double' から 'float' への変換です。データが失われる可能性があります。
C:\Users\purol\source\repos\flocking\flocking\main.cpp(686,56): warning C4244: '=': 'double' から 'float' への変換です。データが失われる可能性があります。
C:\Users\purol\source\repos\flocking\flocking\main.cpp(687,61): warning C4244: '=': 'double' から 'float' への変換です。データが失われる可能性があります。
C:\Users\purol\source\repos\flocking\flocking\main.cpp(696,105): warning C4244: '=': 'double' から 'float' への変換です。データが失われる可能性があります。
C:\Users\purol\source\repos\flocking\flocking\main.cpp(697,112): warning C4244: '=': 'double' から 'float' への変換です。データが失われる可能性があります。
C:\Users\purol\source\repos\flocking\flocking\main.cpp(698,111): warning C4244: '=': 'double' から 'float' への変換です。データが失われる可能性があります。
C:\Users\purol\source\repos\flocking\flocking\main.cpp(699,113): warning C4244: '=': 'double' から 'float' への変換です。データが失われる可能性があります。
C:\Users\purol\source\repos\flocking\flocking\main.cpp(703,32): warning C4244: '=': 'double' から 'float' への変換です。データが失われる可能性があります。
C:\Users\purol\source\repos\flocking\flocking\main.cpp(714,67): warning C4244: '=': 'double' から 'float' への変換です。データが失われる可能性があります。
C:\Users\purol\source\repos\flocking\flocking\main.cpp(715,60): warning C4244: '=': 'double' から 'float' への変換です。データが失われる可能性があります。
C:\Users\purol\source\repos\flocking\flocking\main.cpp(718,56): warning C4244: '=': 'double' から 'float' への変換です。データが失われる可能性があります。
C:\Users\purol\source\repos\flocking\flocking\main.cpp(719,61): warning C4244: '=': 'double' から 'float' への変換です。データが失われる可能性があります。
C:\Users\purol\source\repos\flocking\flocking\main.cpp(728,105): warning C4244: '=': 'double' から 'float' への変換です。データが失われる可能性があります。
C:\Users\purol\source\repos\flocking\flocking\main.cpp(729,112): warning C4244: '=': 'double' から 'float' への変換です。データが失われる可能性があります。
C:\Users\purol\source\repos\flocking\flocking\main.cpp(730,111): warning C4244: '=': 'double' から 'float' への変換です。データが失われる可能性があります。
C:\Users\purol\source\repos\flocking\flocking\main.cpp(731,113): warning C4244: '=': 'double' から 'float' への変換です。データが失われる可能性があります。
  コード生成しています。
  Previous IPDB not found, fall back to full compilation.
  All 17 functions were compiled because no usable IPDB/IOBJ from previous compilation was found.
  コード生成が終了しました。
  flocking.vcxproj -> C:\Users\purol\source\repos\flocking\x64\Release\flocking.exe
