  main.cpp
C:\Users\purol\source\repos\flocking\flocking\main.cpp(192,54): warning C4244: '=': 'Uint64' から 'int' への変換です。データが失われる可能性があります。
C:\Users\purol\source\repos\flocking\flocking\main.cpp(214,55): warning C4244: '=': 'int' から 'float' への変換です。データが失われる可能性があります。
C:\Users\purol\source\repos\flocking\flocking\main.cpp(215,55): warning C4244: '=': 'int' から 'float' への変換です。データが失われる可能性があります。
C:\Users\purol\source\repos\flocking\flocking\main.cpp(216,59): warning C4244: '=': 'int' から 'float' への変換です。データが失われる可能性があります。
C:\Users\purol\source\repos\flocking\flocking\main.cpp(217,62): warning C4244: '=': 'int' から 'float' への変換です。データが失われる可能性があります。
C:\Users\purol\source\repos\flocking\flocking\main.cpp(219,61): warning C4244: '=': 'int' から 'float' への変換です。データが失われる可能性があります。
C:\Users\purol\source\repos\flocking\flocking\main.cpp(269,125): warning C4305: '引数': 'double' から 'float' へ切り詰めます。
C:\Users\purol\source\repos\flocking\flocking\main.cpp(269,73): warning C4244: '引数': 'double' から 'float' への変換です。データが失われる可能性があります。
C:\Users\purol\source\repos\flocking\flocking\main.cpp(269,59): warning C4244: '引数': 'double' から 'float' への変換です。データが失われる可能性があります。
C:\Users\purol\source\repos\flocking\flocking\main.cpp(284,56): warning C4244: '=': 'Uint64' から 'int' への変換です。データが失われる可能性があります。
C:\Users\purol\source\repos\flocking\flocking\main.cpp(308,27): warning C4244: '=': 'double' から 'float' への変換です。データが失われる可能性があります。
C:\Users\purol\source\repos\flocking\flocking\main.cpp(309,27): warning C4244: '=': 'double' から 'float' への変換です。データが失われる可能性があります。
C:\Users\purol\source\repos\flocking\flocking\main.cpp(310,35): warning C4244: '=': 'double' から 'float' への変換です。データが失われる可能性があります。
C:\Users\purol\source\repos\flocking\flocking\main.cpp(327,32): warning C4244: '=': 'double' から 'float' への変換です。データが失われる可能性があります。
C:\Users\purol\source\repos\flocking\flocking\main.cpp(360,32): warning C4244: '=': 'double' から 'float' への変換です。データが失われる可能性があります。
C:\Users\purol\source\repos\flocking\flocking\main.cpp(376,59): warning C4244: '=': 'double' から 'float' への変換です。データが失われる可能性があります。
C:\Users\purol\source\repos\flocking\flocking\main.cpp(377,52): warning C4244: '=': 'double' から 'float' への変換です。データが失われる可能性があります。
C:\Users\purol\source\repos\flocking\flocking\main.cpp(380,48): warning C4244: '=': 'double' から 'float' への変換です。データが失われる可能性があります。
C:\Users\purol\source\repos\flocking\flocking\main.cpp(381,53): warning C4244: '=': 'double' から 'float' への変換です。データが失われる可能性があります。
C:\Users\purol\source\repos\flocking\flocking\main.cpp(390,97): warning C4244: '=': 'double' から 'float' への変換です。データが失われる可能性があります。
C:\Users\purol\source\repos\flocking\flocking\main.cpp(391,104): warning C4244: '=': 'double' から 'float' への変換です。データが失われる可能性があります。
C:\Users\purol\source\repos\flocking\flocking\main.cpp(392,103): warning C4244: '=': 'double' から 'float' への変換です。データが失われる可能性があります。
C:\Users\purol\source\repos\flocking\flocking\main.cpp(393,105): warning C4244: '=': 'double' から 'float' への変換です。データが失われる可能性があります。
C:\Users\purol\source\repos\flocking\flocking\main.cpp(409,32): warning C4244: '=': 'double' から 'float' への変換です。データが失われる可能性があります。
C:\Users\purol\source\repos\flocking\flocking\main.cpp(422,67): warning C4244: '=': 'double' から 'float' への変換です。データが失われる可能性があります。
C:\Users\purol\source\repos\flocking\flocking\main.cpp(423,60): warning C4244: '=': 'double' から 'float' への変換です。データが失われる可能性があります。
C:\Users\purol\source\repos\flocking\flocking\main.cpp(426,56): warning C4244: '=': 'double' から 'float' への変換です。データが失われる可能性があります。
C:\Users\purol\source\repos\flocking\flocking\main.cpp(427,61): warning C4244: '=': 'double' から 'float' への変換です。データが失われる可能性があります。
C:\Users\purol\source\repos\flocking\flocking\main.cpp(436,105): warning C4244: '=': 'double' から 'float' への変換です。データが失われる可能性があります。
C:\Users\purol\source\repos\flocking\flocking\main.cpp(437,112): warning C4244: '=': 'double' から 'float' への変換です。データが失われる可能性があります。
C:\Users\purol\source\repos\flocking\flocking\main.cpp(438,111): warning C4244: '=': 'double' から 'float' への変換です。データが失われる可能性があります。
C:\Users\purol\source\repos\flocking\flocking\main.cpp(439,113): warning C4244: '=': 'double' から 'float' への変換です。データが失われる可能性があります。
C:\Users\purol\source\repos\flocking\flocking\main.cpp(473,32): warning C4244: '=': 'double' から 'float' への変換です。データが失われる可能性があります。
C:\Users\purol\source\repos\flocking\flocking\main.cpp(484,67): warning C4244: '=': 'double' から 'float' への変換です。データが失われる可能性があります。
C:\Users\purol\source\repos\flocking\flocking\main.cpp(485,60): warning C4244: '=': 'double' から 'float' への変換です。データが失われる可能性があります。
C:\Users\purol\source\repos\flocking\flocking\main.cpp(488,56): warning C4244: '=': 'double' から 'float' への変換です。データが失われる可能性があります。
C:\Users\purol\source\repos\flocking\flocking\main.cpp(489,61): warning C4244: '=': 'double' から 'float' への変換です。データが失われる可能性があります。
C:\Users\purol\source\repos\flocking\flocking\main.cpp(498,105): warning C4244: '=': 'double' から 'float' への変換です。データが失われる可能性があります。
C:\Users\purol\source\repos\flocking\flocking\main.cpp(499,112): warning C4244: '=': 'double' から 'float' への変換です。データが失われる可能性があります。
C:\Users\purol\source\repos\flocking\flocking\main.cpp(500,111): warning C4244: '=': 'double' から 'float' への変換です。データが失われる可能性があります。
C:\Users\purol\source\repos\flocking\flocking\main.cpp(501,113): warning C4244: '=': 'double' から 'float' への変換です。データが失われる可能性があります。
C:\Users\purol\source\repos\flocking\flocking\main.cpp(505,32): warning C4244: '=': 'double' から 'float' への変換です。データが失われる可能性があります。
C:\Users\purol\source\repos\flocking\flocking\main.cpp(516,67): warning C4244: '=': 'double' から 'float' への変換です。データが失われる可能性があります。
C:\Users\purol\source\repos\flocking\flocking\main.cpp(517,60): warning C4244: '=': 'double' から 'float' への変換です。データが失われる可能性があります。
C:\Users\purol\source\repos\flocking\flocking\main.cpp(520,56): warning C4244: '=': 'double' から 'float' への変換です。データが失われる可能性があります。
C:\Users\purol\source\repos\flocking\flocking\main.cpp(521,61): warning C4244: '=': 'double' から 'float' への変換です。データが失われる可能性があります。
C:\Users\purol\source\repos\flocking\flocking\main.cpp(530,105): warning C4244: '=': 'double' から 'float' への変換です。データが失われる可能性があります。
C:\Users\purol\source\repos\flocking\flocking\main.cpp(531,112): warning C4244: '=': 'double' から 'float' への変換です。データが失われる可能性があります。
C:\Users\purol\source\repos\flocking\flocking\main.cpp(532,111): warning C4244: '=': 'double' から 'float' への変換です。データが失われる可能性があります。
C:\Users\purol\source\repos\flocking\flocking\main.cpp(533,113): warning C4244: '=': 'double' から 'float' への変換です。データが失われる可能性があります。
C:\Users\purol\source\repos\flocking\flocking\main.cpp(556,105): warning C4244: '=': 'double' から 'float' への変換です。データが失われる可能性があります。
C:\Users\purol\source\repos\flocking\flocking\main.cpp(557,112): warning C4244: '=': 'double' から 'float' への変換です。データが失われる可能性があります。
C:\Users\purol\source\repos\flocking\flocking\main.cpp(558,111): warning C4244: '=': 'double' から 'float' への変換です。データが失われる可能性があります。
C:\Users\purol\source\repos\flocking\flocking\main.cpp(559,112): warning C4244: '=': 'double' から 'float' への変換です。データが失われる可能性があります。
C:\Users\purol\source\repos\flocking\flocking\main.cpp(568,101): warning C4244: '=': 'double' から 'float' への変換です。データが失われる可能性があります。
C:\Users\purol\source\repos\flocking\flocking\main.cpp(569,108): warning C4244: '=': 'double' から 'float' への変換です。データが失われる可能性があります。
C:\Users\purol\source\repos\flocking\flocking\main.cpp(570,107): warning C4244: '=': 'double' から 'float' への変換です。データが失われる可能性があります。
C:\Users\purol\source\repos\flocking\flocking\main.cpp(571,109): warning C4244: '=': 'double' から 'float' への変換です。データが失われる可能性があります。
C:\Users\purol\source\repos\flocking\flocking\main.cpp(580,101): warning C4244: '=': 'double' から 'float' への変換です。データが失われる可能性があります。
C:\Users\purol\source\repos\flocking\flocking\main.cpp(581,108): warning C4244: '=': 'double' から 'float' への変換です。データが失われる可能性があります。
C:\Users\purol\source\repos\flocking\flocking\main.cpp(582,107): warning C4244: '=': 'double' から 'float' への変換です。データが失われる可能性があります。
C:\Users\purol\source\repos\flocking\flocking\main.cpp(583,109): warning C4244: '=': 'double' から 'float' への変換です。データが失われる可能性があります。
C:\Users\purol\source\repos\flocking\flocking\main.cpp(592,101): warning C4244: '=': 'double' から 'float' への変換です。データが失われる可能性があります。
C:\Users\purol\source\repos\flocking\flocking\main.cpp(593,108): warning C4244: '=': 'double' から 'float' への変換です。データが失われる可能性があります。
C:\Users\purol\source\repos\flocking\flocking\main.cpp(594,107): warning C4244: '=': 'double' から 'float' への変換です。データが失われる可能性があります。
C:\Users\purol\source\repos\flocking\flocking\main.cpp(595,109): warning C4244: '=': 'double' から 'float' への変換です。データが失われる可能性があります。
  flocking.vcxproj -> C:\Users\purol\source\repos\flocking\x64\Debug\flocking.exe
